TN:
SF:src\clients\ApiClient\index.ts
FN:21,(anonymous_1)
FN:26,(anonymous_2)
FN:30,(anonymous_3)
FN:34,(anonymous_4)
FN:38,(anonymous_5)
FN:42,(anonymous_6)
FN:46,(anonymous_7)
FN:59,(anonymous_8)
FN:60,(anonymous_9)
FNF:9
FNH:0
FNDA:0,(anonymous_1)
FNDA:0,(anonymous_2)
FNDA:0,(anonymous_3)
FNDA:0,(anonymous_4)
FNDA:0,(anonymous_5)
FNDA:0,(anonymous_6)
FNDA:0,(anonymous_7)
FNDA:0,(anonymous_8)
FNDA:0,(anonymous_9)
DA:2,0
DA:17,0
DA:22,0
DA:23,0
DA:27,0
DA:31,0
DA:35,0
DA:39,0
DA:43,0
DA:47,0
DA:48,0
DA:49,0
DA:51,0
DA:52,0
DA:53,0
DA:55,0
DA:60,0
LF:17
LH:0
BRDA:27,0,0,0
BRDA:27,0,1,0
BRDA:31,1,0,0
BRDA:31,1,1,0
BRDA:35,2,0,0
BRDA:35,2,1,0
BRDA:39,3,0,0
BRDA:39,3,1,0
BRDA:43,4,0,0
BRDA:43,4,1,0
BRDA:51,5,0,0
BRDA:51,6,0,0
BRDA:51,6,1,0
BRF:13
BRH:0
end_of_record
TN:
SF:src\clients\CryptoPayClient\index.ts
FN:17,(anonymous_1)
FN:148,(anonymous_2)
FN:160,(anonymous_3)
FN:167,(anonymous_4)
FN:193,(anonymous_5)
FN:209,(anonymous_6)
FN:219,(anonymous_7)
FN:260,(anonymous_8)
FN:340,oo_cm
FNF:9
FNH:1
FNDA:1,(anonymous_1)
FNDA:0,(anonymous_2)
FNDA:0,(anonymous_3)
FNDA:0,(anonymous_4)
FNDA:0,(anonymous_5)
FNDA:0,(anonymous_6)
FNDA:0,(anonymous_7)
FNDA:0,(anonymous_8)
FNDA:0,oo_cm
DA:2,1
DA:3,1
DA:4,1
DA:5,1
DA:17,1
DA:18,1
DA:19,1
DA:20,1
DA:21,1
DA:22,1
DA:23,1
DA:24,1
DA:25,1
DA:142,1
DA:154,0
DA:155,0
DA:156,0
DA:157,0
DA:161,0
DA:162,0
DA:164,0
DA:172,0
DA:175,0
DA:176,0
DA:178,0
DA:189,0
DA:190,0
DA:197,0
DA:198,0
DA:202,0
DA:206,0
DA:210,0
DA:211,0
DA:213,0
DA:220,0
DA:221,0
DA:224,0
DA:227,0
DA:233,0
DA:234,0
DA:244,0
DA:246,0
DA:250,0
DA:252,0
DA:254,0
DA:264,0
DA:265,0
DA:266,0
DA:275,0
DA:276,0
DA:277,0
DA:284,0
DA:287,0
DA:288,0
DA:289,0
DA:290,0
DA:291,0
DA:292,0
DA:293,0
DA:294,0
DA:295,0
DA:296,0
DA:297,0
DA:298,0
DA:299,0
DA:300,0
DA:301,0
DA:302,0
DA:303,0
DA:304,0
DA:305,0
DA:306,0
DA:307,0
DA:310,0
DA:340,1
LF:75
LH:15
BRDA:17,0,0,1
BRDA:17,0,1,1
BRDA:161,1,0,0
BRDA:161,2,0,0
BRDA:161,2,1,0
BRDA:172,3,0,0
BRDA:172,3,1,0
BRDA:189,4,0,0
BRDA:189,4,1,0
BRDA:197,5,0,0
BRDA:210,6,0,0
BRDA:220,7,0,0
BRDA:246,8,0,0
BRDA:247,9,0,0
BRDA:247,9,1,0
BRDA:275,10,0,0
BRDA:275,10,1,0
BRDA:277,11,0,0
BRDA:278,12,0,0
BRDA:278,12,1,0
BRDA:278,12,2,0
BRDA:278,12,3,0
BRDA:287,13,0,0
BRDA:287,13,1,0
BRDA:288,14,0,0
BRDA:288,14,1,0
BRDA:289,15,0,0
BRDA:289,15,1,0
BRDA:291,16,0,0
BRDA:291,16,1,0
BRDA:292,17,0,0
BRDA:292,17,1,0
BRDA:294,18,0,0
BRDA:294,18,1,0
BRDA:295,19,0,0
BRDA:295,19,1,0
BRDA:296,20,0,0
BRDA:296,20,1,0
BRDA:298,21,0,0
BRDA:298,21,1,0
BRDA:300,22,0,0
BRDA:300,22,1,0
BRDA:301,23,0,0
BRDA:301,23,1,0
BRDA:303,24,0,0
BRDA:304,25,0,0
BRDA:304,25,1,0
BRDA:305,26,0,0
BRDA:305,26,1,0
BRDA:306,27,0,0
BRDA:306,27,1,0
BRDA:340,28,0,0
BRDA:340,28,1,0
BRF:53
BRH:2
end_of_record
TN:
SF:src\clients\MongoDBClient\constants.ts
FNF:0
FNH:0
DA:1,1
LF:1
LH:1
BRF:0
BRH:0
end_of_record
TN:
SF:src\clients\MongoDBClient\index.ts
FN:8,(anonymous_0)
FN:13,(anonymous_1)
FN:19,(anonymous_2)
FN:24,(anonymous_3)
FN:34,(anonymous_4)
FN:41,(anonymous_5)
FN:51,(anonymous_6)
FN:58,(anonymous_7)
FNF:8
FNH:5
FNDA:4,(anonymous_0)
FNDA:0,(anonymous_1)
FNDA:2,(anonymous_2)
FNDA:1,(anonymous_3)
FNDA:1,(anonymous_4)
FNDA:0,(anonymous_5)
FNDA:0,(anonymous_6)
FNDA:1,(anonymous_7)
DA:4,1
DA:9,4
DA:10,4
DA:14,0
DA:20,2
DA:21,2
DA:25,1
DA:26,1
DA:27,1
DA:28,0
DA:30,1
DA:31,1
DA:35,1
DA:38,1
DA:45,0
DA:48,0
DA:52,0
DA:55,0
DA:59,1
DA:62,1
LF:20
LH:14
BRDA:27,0,0,0
BRF:1
BRH:0
end_of_record
TN:
SF:src\config\constants.ts
FNF:0
FNH:0
DA:1,0
DA:11,0
LF:2
LH:0
BRF:0
BRH:0
end_of_record
TN:
SF:src\config\enums.ts
FN:1,(anonymous_0)
FNF:1
FNH:0
FNDA:0,(anonymous_0)
DA:1,0
DA:2,0
DA:3,0
DA:4,0
DA:5,0
DA:6,0
DA:7,0
DA:8,0
LF:8
LH:0
BRDA:1,0,0,0
BRDA:1,0,1,0
BRF:2
BRH:0
end_of_record
TN:
SF:src\config\interfaces.ts
FN:26,(anonymous_0)
FNF:1
FNH:0
FNDA:0,(anonymous_0)
DA:26,0
DA:27,0
DA:28,0
LF:3
LH:0
BRDA:26,0,0,0
BRDA:26,0,1,0
BRF:2
BRH:0
end_of_record
TN:
SF:src\config\scripts\config.ts
FN:8,(anonymous_1)
FN:20,(anonymous_2)
FN:28,(anonymous_3)
FNF:3
FNH:0
FNDA:0,(anonymous_1)
FNDA:0,(anonymous_2)
FNDA:0,(anonymous_3)
DA:1,0
DA:8,0
DA:12,0
DA:14,0
DA:15,0
DA:18,0
DA:19,0
DA:20,0
DA:21,0
DA:22,0
DA:23,0
DA:25,0
DA:27,0
DA:28,0
DA:29,0
DA:31,0
LF:16
LH:0
BRF:0
BRH:0
end_of_record
TN:
SF:src\config\secrets\deploy-secrets.ts
FN:12,(anonymous_9)
FN:32,(anonymous_10)
FN:66,(anonymous_11)
FN:130,(anonymous_12)
FN:136,(anonymous_13)
FNF:5
FNH:0
FNDA:0,(anonymous_9)
FNDA:0,(anonymous_10)
FNDA:0,(anonymous_11)
FNDA:0,(anonymous_12)
FNDA:0,(anonymous_13)
DA:2,0
DA:7,0
DA:8,0
DA:9,0
DA:12,0
DA:13,0
DA:14,0
DA:15,0
DA:17,0
DA:18,0
DA:22,0
DA:25,0
DA:29,0
DA:32,0
DA:36,0
DA:38,0
DA:41,0
DA:42,0
DA:47,0
DA:50,0
DA:54,0
DA:55,0
DA:57,0
DA:60,0
DA:61,0
DA:66,0
DA:67,0
DA:69,0
DA:70,0
DA:71,0
DA:74,0
DA:75,0
DA:76,0
DA:77,0
DA:79,0
DA:80,0
DA:83,0
DA:84,0
DA:85,0
DA:89,0
DA:92,0
DA:100,0
DA:101,0
DA:102,0
DA:104,0
DA:112,0
DA:113,0
DA:118,0
DA:119,0
DA:121,0
DA:122,0
DA:125,0
DA:128,0
DA:130,0
DA:131,0
DA:132,0
DA:133,0
DA:135,0
DA:136,0
DA:137,0
LF:60
LH:0
BRDA:23,0,0,0
BRDA:23,0,1,0
BRDA:26,1,0,0
BRDA:26,1,1,0
BRDA:42,2,0,0
BRDA:42,2,1,0
BRDA:100,3,0,0
BRDA:112,4,0,0
BRDA:121,5,0,0
BRF:9
BRH:0
end_of_record
TN:
SF:src\config\secrets\enums.ts
FN:1,(anonymous_0)
FNF:1
FNH:1
FNDA:1,(anonymous_0)
DA:1,1
DA:2,1
DA:3,1
DA:4,1
DA:5,1
DA:6,1
DA:7,1
LF:7
LH:7
BRDA:1,0,0,1
BRDA:1,0,1,1
BRF:2
BRH:2
end_of_record
TN:
SF:src\config\secrets\helpers.ts
FN:11,(anonymous_1)
FNF:1
FNH:1
FNDA:1,(anonymous_1)
DA:1,1
DA:5,1
DA:7,1
DA:11,1
DA:12,1
DA:13,1
DA:15,1
DA:16,1
LF:8
LH:8
BRDA:8,0,0,1
BRDA:8,0,1,1
BRDA:16,1,0,1
BRDA:16,1,1,0
BRF:4
BRH:3
end_of_record
TN:
SF:src\config\sqs\helpers.ts
FN:9,(anonymous_0)
FN:10,(anonymous_1)
FN:24,(anonymous_2)
FNF:3
FNH:0
FNDA:0,(anonymous_0)
FNDA:0,(anonymous_1)
FNDA:0,(anonymous_2)
DA:9,0
DA:10,0
DA:11,0
DA:16,0
DA:24,0
DA:25,0
LF:6
LH:0
BRF:0
BRH:0
end_of_record
TN:
SF:src\handlers\create-user-wallet\index.ts
FN:7,(anonymous_1)
FN:15,(anonymous_2)
FNF:2
FNH:0
FNDA:0,(anonymous_1)
FNDA:0,(anonymous_2)
DA:1,0
DA:3,0
DA:4,0
DA:7,0
DA:8,0
DA:9,0
DA:10,0
DA:12,0
DA:14,0
DA:15,0
LF:10
LH:0
BRF:0
BRH:0
end_of_record
TN:
SF:src\handlers\process-cryptopay-channels-webhooks\index.ts
FN:7,(anonymous_1)
FN:15,(anonymous_2)
FNF:2
FNH:0
FNDA:0,(anonymous_1)
FNDA:0,(anonymous_2)
DA:2,0
DA:3,0
DA:5,0
DA:7,0
DA:8,0
DA:10,0
DA:12,0
DA:14,0
DA:15,0
LF:9
LH:0
BRF:0
BRH:0
end_of_record
TN:
SF:src\handlers\process-cryptopay-invoice-webhooks\index.ts
FN:7,(anonymous_1)
FNF:1
FNH:0
FNDA:0,(anonymous_1)
DA:2,0
DA:3,0
DA:5,0
DA:7,0
DA:8,0
DA:10,0
DA:11,0
LF:7
LH:0
BRF:0
BRH:0
end_of_record
TN:
SF:src\handlers\send-email-notifications\index.ts
FN:6,(anonymous_1)
FNF:1
FNH:0
FNDA:0,(anonymous_1)
DA:2,0
DA:3,0
DA:4,0
DA:6,0
DA:7,0
DA:9,0
DA:11,0
DA:12,0
LF:8
LH:0
BRF:0
BRH:0
end_of_record
TN:
SF:src\handlers\send-email-otp\index.ts
FN:6,(anonymous_1)
FNF:1
FNH:0
FNDA:0,(anonymous_1)
DA:2,0
DA:3,0
DA:4,0
DA:6,0
DA:7,0
DA:8,0
DA:10,0
DA:11,0
LF:8
LH:0
BRF:0
BRH:0
end_of_record
TN:
SF:src\handlers\send-email-otp\test-data.ts
FNF:0
FNH:0
DA:3,0
LF:1
LH:0
BRF:0
BRH:0
end_of_record
TN:
SF:src\handlers\track-user-referrals\helpers.ts
FN:13,(anonymous_0)
FN:21,(anonymous_1)
FNF:2
FNH:0
FNDA:0,(anonymous_0)
FNDA:0,(anonymous_1)
DA:6,0
DA:11,0
DA:13,0
DA:17,0
DA:18,0
DA:21,0
DA:22,0
DA:23,0
DA:29,0
DA:36,0
DA:43,0
DA:49,0
LF:12
LH:0
BRF:0
BRH:0
end_of_record
TN:
SF:src\handlers\track-user-referrals\index.ts
FN:12,(anonymous_1)
FN:25,(anonymous_2)
FN:26,(anonymous_3)
FNF:3
FNH:0
FNDA:0,(anonymous_1)
FNDA:0,(anonymous_2)
FNDA:0,(anonymous_3)
DA:2,0
DA:6,0
DA:7,0
DA:8,0
DA:9,0
DA:12,0
DA:13,0
DA:16,0
DA:25,0
DA:26,0
DA:27,0
DA:31,0
LF:12
LH:0
BRF:0
BRH:0
end_of_record
TN:
SF:src\helpers\email-helpers.ts
FN:19,(anonymous_0)
FNF:1
FNH:0
FNDA:0,(anonymous_0)
DA:1,0
DA:3,0
DA:19,0
DA:25,0
DA:26,0
DA:28,0
DA:29,0
DA:33,0
DA:34,0
DA:37,0
DA:38,0
DA:42,0
DA:43,0
DA:46,0
DA:47,0
DA:51,0
DA:52,0
DA:55,0
DA:56,0
DA:60,0
DA:61,0
DA:64,0
DA:65,0
DA:69,0
DA:72,0
DA:73,0
DA:74,0
DA:78,0
DA:81,0
DA:84,0
LF:30
LH:0
BRDA:26,0,0,0
BRDA:26,0,1,0
BRDA:26,0,2,0
BRDA:26,0,3,0
BRDA:26,0,4,0
BRDA:26,0,5,0
BRDA:26,0,6,0
BRF:7
BRH:0
end_of_record
TN:
SF:src\helpers\referrals-helpers.ts
FN:22,(anonymous_1)
FN:47,(anonymous_2)
FN:63,(anonymous_3)
FN:79,(anonymous_4)
FN:100,computeUserAndReferralsBalances
FN:110,(anonymous_6)
FN:118,(anonymous_7)
FN:128,computeRank
FN:132,(anonymous_9)
FNF:9
FNH:0
FNDA:0,(anonymous_1)
FNDA:0,(anonymous_2)
FNDA:0,(anonymous_3)
FNDA:0,(anonymous_4)
FNDA:0,computeUserAndReferralsBalances
FNDA:0,(anonymous_6)
FNDA:0,(anonymous_7)
FNDA:0,computeRank
FNDA:0,(anonymous_9)
DA:1,0
DA:2,0
DA:11,0
DA:13,0
DA:18,0
DA:22,0
DA:29,0
DA:31,0
DA:38,0
DA:39,0
DA:46,0
DA:47,0
DA:51,0
DA:62,0
DA:63,0
DA:72,0
DA:74,0
DA:75,0
DA:79,0
DA:85,0
DA:100,0
DA:105,0
DA:111,0
DA:117,0
DA:118,0
DA:122,0
DA:128,0
DA:130,0
DA:132,0
DA:133,0
DA:138,0
DA:144,0
DA:151,0
DA:158,0
DA:165,0
DA:172,0
DA:179,0
DA:183,0
DA:186,0
LF:39
LH:0
BRDA:38,0,0,0
BRDA:65,1,0,0
BRDA:65,1,1,0
BRDA:67,2,0,0
BRDA:67,2,1,0
BRDA:133,3,0,0
BRDA:133,3,1,0
BRDA:138,4,0,0
BRDA:138,4,1,0
BRDA:138,4,2,0
BRDA:138,4,3,0
BRDA:138,4,4,0
BRDA:138,4,5,0
BRDA:138,4,6,0
BRDA:138,4,7,0
BRDA:139,5,0,0
BRDA:139,5,1,0
BRDA:139,5,2,0
BRDA:146,6,0,0
BRDA:146,6,1,0
BRDA:146,6,2,0
BRDA:153,7,0,0
BRDA:153,7,1,0
BRDA:153,7,2,0
BRDA:160,8,0,0
BRDA:160,8,1,0
BRDA:160,8,2,0
BRDA:167,9,0,0
BRDA:167,9,1,0
BRDA:167,9,2,0
BRDA:174,10,0,0
BRDA:174,10,1,0
BRDA:174,10,2,0
BRF:33
BRH:0
end_of_record
TN:
SF:src\services\NotificationsService\index.ts
FN:7,(anonymous_1)
FN:9,(anonymous_2)
FN:14,(anonymous_3)
FN:15,(anonymous_4)
FNF:4
FNH:0
FNDA:0,(anonymous_1)
FNDA:0,(anonymous_2)
FNDA:0,(anonymous_3)
FNDA:0,(anonymous_4)
DA:3,0
DA:4,0
DA:6,0
DA:12,0
DA:13,0
DA:14,0
DA:15,0
DA:16,0
DA:23,0
DA:24,0
DA:33,0
DA:44,0
LF:12
LH:0
BRDA:23,0,0,0
BRDA:23,0,1,0
BRDA:26,1,0,0
BRDA:26,1,1,0
BRF:4
BRH:0
end_of_record
TN:
SF:src\services\WalletsService\index.ts
FN:30,(anonymous_1)
FN:33,(anonymous_2)
FN:43,(anonymous_3)
FN:68,(anonymous_4)
FN:76,(anonymous_5)
FN:82,(anonymous_6)
FN:91,(anonymous_7)
FN:100,(anonymous_8)
FN:137,(anonymous_9)
FN:157,(anonymous_10)
FN:183,(anonymous_11)
FN:217,(anonymous_12)
FN:221,(anonymous_13)
FN:241,(anonymous_14)
FN:253,(anonymous_15)
FN:280,(anonymous_16)
FN:289,(anonymous_17)
FN:292,(anonymous_18)
FN:308,(anonymous_19)
FN:325,(anonymous_20)
FN:332,(anonymous_21)
FN:381,(anonymous_22)
FN:407,(anonymous_23)
FN:424,(anonymous_24)
FN:443,(anonymous_25)
FN:461,(anonymous_26)
FN:462,(anonymous_27)
FN:475,(anonymous_28)
FN:480,(anonymous_29)
FN:487,(anonymous_30)
FN:520,(anonymous_31)
FN:521,(anonymous_32)
FN:531,(anonymous_33)
FN:538,(anonymous_34)
FN:541,(anonymous_35)
FN:542,(anonymous_36)
FN:552,(anonymous_37)
FN:557,(anonymous_38)
FN:577,(anonymous_39)
FN:599,(anonymous_40)
FN:609,(anonymous_41)
FN:627,(anonymous_42)
FN:640,oo_cm
FNF:43
FNH:17
FNDA:1,(anonymous_1)
FNDA:4,(anonymous_2)
FNDA:1,(anonymous_3)
FNDA:1,(anonymous_4)
FNDA:1,(anonymous_5)
FNDA:2,(anonymous_6)
FNDA:0,(anonymous_7)
FNDA:0,(anonymous_8)
FNDA:0,(anonymous_9)
FNDA:0,(anonymous_10)
FNDA:0,(anonymous_11)
FNDA:0,(anonymous_12)
FNDA:0,(anonymous_13)
FNDA:0,(anonymous_14)
FNDA:0,(anonymous_15)
FNDA:0,(anonymous_16)
FNDA:0,(anonymous_17)
FNDA:0,(anonymous_18)
FNDA:0,(anonymous_19)
FNDA:0,(anonymous_20)
FNDA:0,(anonymous_21)
FNDA:0,(anonymous_22)
FNDA:0,(anonymous_23)
FNDA:0,(anonymous_24)
FNDA:0,(anonymous_25)
FNDA:0,(anonymous_26)
FNDA:0,(anonymous_27)
FNDA:0,(anonymous_28)
FNDA:0,(anonymous_29)
FNDA:1,(anonymous_30)
FNDA:1,(anonymous_31)
FNDA:1,(anonymous_32)
FNDA:1,(anonymous_33)
FNDA:1,(anonymous_34)
FNDA:1,(anonymous_35)
FNDA:1,(anonymous_36)
FNDA:1,(anonymous_37)
FNDA:1,(anonymous_38)
FNDA:1,(anonymous_39)
FNDA:1,(anonymous_40)
FNDA:0,(anonymous_41)
FNDA:0,(anonymous_42)
FNDA:0,oo_cm
DA:1,1
DA:2,1
DA:3,1
DA:8,1
DA:9,1
DA:10,1
DA:20,1
DA:21,1
DA:24,1
DA:25,1
DA:26,1
DA:27,1
DA:28,1
DA:34,4
DA:37,1
DA:38,0
DA:39,0
DA:43,1
DA:44,1
DA:46,1
DA:51,1
DA:55,1
DA:57,0
DA:58,0
DA:60,1
DA:64,1
DA:69,1
DA:70,1
DA:71,1
DA:77,1
DA:78,1
DA:83,2
DA:84,2
DA:85,0
DA:87,2
DA:92,0
DA:93,0
DA:94,0
DA:96,0
DA:103,0
DA:104,0
DA:105,0
DA:111,0
DA:115,0
DA:117,0
DA:118,0
DA:128,0
DA:131,0
DA:132,0
DA:140,0
DA:141,0
DA:142,0
DA:147,0
DA:151,0
DA:152,0
DA:164,0
DA:165,0
DA:166,0
DA:172,0
DA:177,0
DA:178,0
DA:189,0
DA:191,0
DA:192,0
DA:194,0
DA:201,0
DA:203,0
DA:208,0
DA:209,0
DA:211,0
DA:214,0
DA:218,0
DA:222,0
DA:223,0
DA:226,0
DA:227,0
DA:229,0
DA:233,0
DA:238,0
DA:241,0
DA:242,0
DA:244,0
DA:247,0
DA:252,0
DA:254,0
DA:256,0
DA:259,0
DA:266,0
DA:270,0
DA:275,0
DA:278,0
DA:287,0
DA:289,0
DA:292,0
DA:293,0
DA:298,0
DA:301,0
DA:302,0
DA:308,0
DA:309,0
DA:310,0
DA:321,0
DA:324,0
DA:326,0
DA:330,0
DA:338,0
DA:341,0
DA:344,0
DA:349,0
DA:352,0
DA:354,0
DA:356,0
DA:360,0
DA:361,0
DA:367,0
DA:370,0
DA:379,0
DA:382,0
DA:383,0
DA:389,0
DA:392,0
DA:394,0
DA:398,0
DA:404,0
DA:407,0
DA:408,0
DA:413,0
DA:416,0
DA:417,0
DA:423,0
DA:425,0
DA:426,0
DA:427,0
DA:429,0
DA:433,0
DA:438,0
DA:443,0
DA:444,0
DA:449,0
DA:452,0
DA:453,0
DA:459,0
DA:461,0
DA:462,0
DA:465,0
DA:470,0
DA:473,0
DA:475,0
DA:483,0
DA:493,1
DA:495,1
DA:496,1
DA:498,1
DA:499,1
DA:502,1
DA:506,1
DA:510,1
DA:516,1
DA:519,1
DA:520,1
DA:521,1
DA:522,1
DA:525,1
DA:528,1
DA:531,1
DA:537,1
DA:539,1
DA:541,1
DA:542,1
DA:543,1
DA:544,1
DA:553,1
DA:558,1
DA:564,1
DA:566,0
DA:570,0
DA:575,1
DA:577,1
DA:579,1
DA:584,0
DA:590,0
DA:599,1
DA:600,1
DA:601,1
DA:602,1
DA:604,0
DA:608,0
DA:609,0
DA:611,0
DA:612,0
DA:617,1
DA:622,0
DA:625,0
DA:627,0
DA:633,1
DA:640,1
LF:196
LH:65
BRDA:34,0,0,3
BRDA:37,1,0,0
BRDA:69,2,0,1
BRDA:84,3,0,0
BRDA:93,4,0,0
BRDA:115,5,0,0
BRDA:115,5,1,0
BRDA:117,6,0,0
BRDA:242,7,0,0
BRDA:242,8,0,0
BRDA:242,8,1,0
BRDA:244,9,0,0
BRDA:244,9,1,0
BRDA:287,10,0,0
BRDA:287,10,1,0
BRDA:293,11,0,0
BRDA:294,12,0,0
BRDA:294,12,1,0
BRDA:294,12,2,0
BRDA:298,13,0,0
BRDA:298,13,1,0
BRDA:301,14,0,0
BRDA:309,15,0,0
BRDA:309,15,1,0
BRDA:326,16,0,0
BRDA:326,16,1,0
BRDA:344,17,0,0
BRDA:345,18,0,0
BRDA:345,18,1,0
BRDA:386,19,0,0
BRDA:386,19,1,0
BRDA:408,20,0,0
BRDA:409,21,0,0
BRDA:409,21,1,0
BRDA:409,21,2,0
BRDA:413,22,0,0
BRDA:413,22,1,0
BRDA:416,23,0,0
BRDA:444,24,0,0
BRDA:445,25,0,0
BRDA:445,25,1,0
BRDA:445,25,2,0
BRDA:449,26,0,0
BRDA:449,26,1,0
BRDA:452,27,0,0
BRDA:600,28,0,1
BRDA:600,28,1,0
BRDA:601,29,0,1
BRDA:601,29,1,0
BRDA:611,30,0,0
BRDA:640,31,0,0
BRDA:640,31,1,0
BRF:52
BRH:4
end_of_record
TN:
SF:src\templates\email-templates\create-user-template.ts
FNF:0
FNH:0
DA:1,0
DA:314,0
LF:2
LH:0
BRF:0
BRH:0
end_of_record
TN:
SF:src\templates\email-templates\general.ts
FNF:0
FNH:0
DA:1,0
DA:282,0
LF:2
LH:0
BRF:0
BRH:0
end_of_record
TN:
SF:src\templates\email-templates\get-started-template.ts
FNF:0
FNH:0
DA:1,0
DA:294,0
LF:2
LH:0
BRF:0
BRH:0
end_of_record
TN:
SF:src\templates\email-templates\index.ts
FN:1,(anonymous_1)
FN:2,(anonymous_2)
FN:3,(anonymous_3)
FN:4,(anonymous_4)
FN:5,(anonymous_5)
FN:6,(anonymous_6)
FN:7,(anonymous_7)
FNF:7
FNH:0
FNDA:0,(anonymous_1)
FNDA:0,(anonymous_2)
FNDA:0,(anonymous_3)
FNDA:0,(anonymous_4)
FNDA:0,(anonymous_5)
FNDA:0,(anonymous_6)
FNDA:0,(anonymous_7)
DA:1,0
DA:2,0
DA:3,0
DA:4,0
DA:5,0
DA:6,0
DA:7,0
LF:7
LH:0
BRF:0
BRH:0
end_of_record
TN:
SF:src\templates\email-templates\otp.ts
FNF:0
FNH:0
DA:1,0
DA:297,0
LF:2
LH:0
BRF:0
BRH:0
end_of_record
TN:
SF:src\templates\email-templates\password-reseet-template.ts
FNF:0
FNH:0
DA:1,0
DA:314,0
LF:2
LH:0
BRF:0
BRH:0
end_of_record
TN:
SF:src\templates\email-templates\referral.ts
FNF:0
FNH:0
DA:1,0
DA:443,0
LF:2
LH:0
BRF:0
BRH:0
end_of_record
TN:
SF:src\templates\email-templates\transaction-notification-template.ts
FNF:0
FNH:0
DA:1,0
DA:349,0
LF:2
LH:0
BRF:0
BRH:0
end_of_record
TN:
SF:src\types\wallets-service.ts
FN:20,(anonymous_0)
FN:26,(anonymous_1)
FN:33,(anonymous_2)
FN:38,(anonymous_3)
FN:45,(anonymous_4)
FN:49,(anonymous_5)
FNF:6
FNH:6
FNDA:1,(anonymous_0)
FNDA:1,(anonymous_1)
FNDA:1,(anonymous_2)
FNDA:1,(anonymous_3)
FNDA:1,(anonymous_4)
FNDA:1,(anonymous_5)
DA:20,1
DA:21,1
DA:22,1
DA:23,1
DA:26,1
DA:27,1
DA:28,1
DA:29,1
DA:30,1
DA:33,1
DA:34,1
DA:35,1
DA:38,1
DA:39,1
DA:40,1
DA:41,1
DA:42,1
DA:45,1
DA:46,1
DA:49,1
DA:50,1
LF:21
LH:21
BRDA:20,0,0,1
BRDA:20,0,1,1
BRDA:26,1,0,1
BRDA:26,1,1,1
BRDA:33,2,0,1
BRDA:33,2,1,1
BRDA:38,3,0,1
BRDA:38,3,1,1
BRDA:45,4,0,1
BRDA:45,4,1,1
BRDA:49,5,0,1
BRDA:49,5,1,1
BRF:12
BRH:12
end_of_record
TN:
SF:src\utils\send-pulse.ts
FN:32,(anonymous_1)
FN:35,(anonymous_2)
FN:51,(anonymous_3)
FN:56,(anonymous_4)
FN:64,(anonymous_5)
FN:84,(anonymous_6)
FN:85,(anonymous_7)
FN:95,(anonymous_8)
FN:111,(anonymous_9)
FN:112,(anonymous_10)
FNF:10
FNH:0
FNDA:0,(anonymous_1)
FNDA:0,(anonymous_2)
FNDA:0,(anonymous_3)
FNDA:0,(anonymous_4)
FNDA:0,(anonymous_5)
FNDA:0,(anonymous_6)
FNDA:0,(anonymous_7)
FNDA:0,(anonymous_8)
FNDA:0,(anonymous_9)
FNDA:0,(anonymous_10)
DA:2,0
DA:3,0
DA:5,0
DA:36,0
DA:38,0
DA:41,0
DA:43,0
DA:44,0
DA:47,0
DA:48,0
DA:52,0
DA:57,0
DA:58,0
DA:70,0
DA:84,0
DA:85,0
DA:86,0
DA:87,0
DA:89,0
DA:101,0
DA:111,0
DA:112,0
DA:113,0
DA:114,0
DA:116,0
DA:123,0
LF:26
LH:0
BRDA:57,0,0,0
BRDA:57,1,0,0
BRDA:57,1,1,0
BRDA:74,2,0,0
BRDA:74,2,1,0
BRDA:75,3,0,0
BRDA:75,3,1,0
BRDA:86,4,0,0
BRDA:86,4,1,0
BRDA:86,5,0,0
BRDA:86,5,1,0
BRDA:105,6,0,0
BRDA:105,6,1,0
BRDA:106,7,0,0
BRDA:106,7,1,0
BRDA:113,8,0,0
BRDA:113,8,1,0
BRDA:113,9,0,0
BRDA:113,9,1,0
BRF:19
BRH:0
end_of_record
