TN:
SF:src/config/enums.ts
FN:1,(anonymous_0)
FNF:1
FNH:1
FNDA:1,(anonymous_0)
DA:1,1
DA:2,1
DA:3,1
DA:4,1
DA:5,1
DA:6,1
DA:7,1
LF:7
LH:7
BRDA:1,0,0,1
BRDA:1,0,1,1
BRF:2
BRH:2
end_of_record
TN:
SF:src/config/secrets/enums.ts
FN:1,(anonymous_0)
FNF:1
FNH:1
FNDA:1,(anonymous_0)
DA:1,1
DA:2,1
DA:3,1
DA:4,1
DA:5,1
LF:5
LH:5
BRDA:1,0,0,1
BRDA:1,0,1,1
BRF:2
BRH:2
end_of_record
TN:
SF:src/config/secrets/helpers.ts
FN:11,(anonymous_1)
FNF:1
FNH:0
FNDA:0,(anonymous_1)
DA:1,1
DA:5,1
DA:7,1
DA:11,1
DA:12,0
DA:13,0
DA:15,0
DA:16,0
LF:8
LH:4
BRDA:8,0,0,1
BRDA:8,0,1,1
BRDA:16,1,0,0
BRDA:16,1,1,0
BRF:4
BRH:2
end_of_record
TN:
SF:src/handlers/send-email-otp/index.ts
FN:9,(anonymous_1)
FN:12,(anonymous_2)
FNF:2
FNH:2
FNDA:2,(anonymous_1)
FNDA:2,(anonymous_2)
DA:6,1
DA:7,1
DA:9,1
DA:10,2
DA:11,2
DA:13,2
DA:20,2
DA:21,2
LF:8
LH:8
BRF:0
BRH:0
end_of_record
TN:
SF:src/handlers/send-email-otp/test-data.ts
FNF:0
FNH:0
DA:3,1
LF:1
LH:1
BRF:0
BRH:0
end_of_record
TN:
SF:src/helpers/email-helpers.ts
FN:17,(anonymous_0)
FNF:1
FNH:0
FNDA:0,(anonymous_0)
DA:1,1
DA:3,1
DA:17,1
DA:22,0
DA:23,0
DA:25,0
DA:26,0
DA:30,0
DA:31,0
DA:34,0
DA:35,0
DA:39,0
DA:40,0
DA:43,0
DA:44,0
DA:48,0
DA:49,0
DA:52,0
DA:53,0
DA:57,0
DA:58,0
DA:61,0
DA:62,0
DA:66,0
DA:69,0
DA:72,0
LF:26
LH:3
BRDA:23,0,0,0
BRDA:23,0,1,0
BRDA:23,0,2,0
BRDA:23,0,3,0
BRDA:23,0,4,0
BRDA:23,0,5,0
BRF:6
BRH:0
end_of_record
TN:
SF:src/services/NotificationsService/index.ts
FN:7,(anonymous_1)
FN:9,(anonymous_2)
FN:14,(anonymous_3)
FNF:3
FNH:1
FNDA:1,(anonymous_1)
FNDA:0,(anonymous_2)
FNDA:0,(anonymous_3)
DA:3,1
DA:4,1
DA:6,1
DA:12,0
DA:13,0
DA:14,0
DA:15,0
DA:21,0
DA:22,0
DA:23,0
DA:27,0
DA:38,1
LF:12
LH:4
BRDA:21,0,0,0
BRDA:21,0,1,0
BRDA:22,1,0,0
BRDA:22,1,1,0
BRF:4
BRH:0
end_of_record
TN:
SF:src/templates/email-templates/create-user-template.ts
FNF:0
FNH:0
DA:1,1
DA:314,1
LF:2
LH:2
BRF:0
BRH:0
end_of_record
TN:
SF:src/templates/email-templates/general.ts
FNF:0
FNH:0
DA:1,1
DA:282,1
LF:2
LH:2
BRF:0
BRH:0
end_of_record
TN:
SF:src/templates/email-templates/get-started-template.ts
FNF:0
FNH:0
DA:1,1
DA:294,1
LF:2
LH:2
BRF:0
BRH:0
end_of_record
TN:
SF:src/templates/email-templates/index.ts
FN:1,(anonymous_1)
FN:2,(anonymous_2)
FN:3,(anonymous_3)
FN:4,(anonymous_4)
FN:5,(anonymous_5)
FN:6,(anonymous_6)
FNF:6
FNH:0
FNDA:0,(anonymous_1)
FNDA:0,(anonymous_2)
FNDA:0,(anonymous_3)
FNDA:0,(anonymous_4)
FNDA:0,(anonymous_5)
FNDA:0,(anonymous_6)
DA:1,1
DA:2,1
DA:3,1
DA:4,1
DA:5,1
DA:6,1
LF:6
LH:6
BRF:0
BRH:0
end_of_record
TN:
SF:src/templates/email-templates/otp.ts
FNF:0
FNH:0
DA:1,1
DA:297,1
LF:2
LH:2
BRF:0
BRH:0
end_of_record
TN:
SF:src/templates/email-templates/password-reseet-template.ts
FNF:0
FNH:0
DA:1,1
DA:314,1
LF:2
LH:2
BRF:0
BRH:0
end_of_record
TN:
SF:src/templates/email-templates/transaction-notification-template.ts
FNF:0
FNH:0
DA:1,1
DA:349,1
LF:2
LH:2
BRF:0
BRH:0
end_of_record
TN:
SF:src/utils/send-pulse.ts
FN:31,(anonymous_1)
FN:34,(anonymous_2)
FN:50,(anonymous_3)
FN:55,(anonymous_4)
FN:63,(anonymous_5)
FN:83,(anonymous_6)
FN:84,(anonymous_7)
FN:94,(anonymous_8)
FN:110,(anonymous_9)
FN:111,(anonymous_10)
FNF:10
FNH:0
FNDA:0,(anonymous_1)
FNDA:0,(anonymous_2)
FNDA:0,(anonymous_3)
FNDA:0,(anonymous_4)
FNDA:0,(anonymous_5)
FNDA:0,(anonymous_6)
FNDA:0,(anonymous_7)
FNDA:0,(anonymous_8)
FNDA:0,(anonymous_9)
FNDA:0,(anonymous_10)
DA:1,1
DA:2,1
DA:4,1
DA:35,0
DA:37,0
DA:40,0
DA:42,0
DA:43,0
DA:46,0
DA:47,0
DA:51,0
DA:56,0
DA:57,0
DA:69,0
DA:83,0
DA:84,0
DA:85,0
DA:86,0
DA:88,0
DA:100,0
DA:110,0
DA:111,0
DA:112,0
DA:113,0
DA:115,0
DA:122,1
LF:26
LH:4
BRDA:56,0,0,0
BRDA:56,1,0,0
BRDA:56,1,1,0
BRDA:73,2,0,0
BRDA:73,2,1,0
BRDA:74,3,0,0
BRDA:74,3,1,0
BRDA:85,4,0,0
BRDA:85,4,1,0
BRDA:85,5,0,0
BRDA:85,5,1,0
BRDA:104,6,0,0
BRDA:104,6,1,0
BRDA:105,7,0,0
BRDA:105,7,1,0
BRDA:112,8,0,0
BRDA:112,8,1,0
BRDA:112,9,0,0
BRDA:112,9,1,0
BRF:19
BRH:0
end_of_record
